<?xml version="1.0" encoding="UTF-8"?>
<testsuite name="controllers.MotorcycleAPITest" tests="7" skipped="0" failures="0" errors="0" timestamp="2022-04-28T10:15:20" hostname="ZACH-LAPTOP" time="0.083">
  <properties/>
  <testcase name="listActiveMotorcycles returns no active motorcycles stored when ArrayList is empty()" classname="controllers.MotorcycleAPITest" time="0.044"/>
  <testcase name="listActiveMotorcycles returns active motorcycles when ArrayList has active motorcycles stored()" classname="controllers.MotorcycleAPITest" time="0.003"/>
  <testcase name="listMotorcyclesBySelectedLicense returns all Motorcycles that match that license when Motorcycles of that license exist()" classname="controllers.MotorcycleAPITest" time="0.027"/>
  <testcase name="listMotorcyclesBySelectedLicense returns no Motorcycles when no Motorcycles of that license exist()" classname="controllers.MotorcycleAPITest" time="0.001"/>
  <testcase name="listMotorcyclesBySelectedLicense returns No Motorcycles when ArrayList is empty()" classname="controllers.MotorcycleAPITest" time="0.0"/>
  <testcase name="listArchivedMotorcycles returns no archived motorcycles when ArrayList is empty()" classname="controllers.MotorcycleAPITest" time="0.001"/>
  <testcase name="listArchivedMotorcycles returns archived motorcycle when ArrayList has archived motorcycles stored()" classname="controllers.MotorcycleAPITest" time="0.001"/>
  <system-out><![CDATA[]]></system-out>
  <system-err><![CDATA[]]></system-err>
</testsuite>
