<?xml version="1.0" encoding="UTF-8"?>
<testsuite name="controllers.MotorcycleAPITest$UpdateMotorcycles" tests="2" skipped="0" failures="0" errors="0" timestamp="2022-04-29T13:11:48" hostname="ZACH-LAPTOP" time="0.004">
  <properties/>
  <testcase name="updating a Motorcycle that exists returns true and updates()" classname="controllers.MotorcycleAPITest$UpdateMotorcycles" time="0.002"/>
  <testcase name="updating a Motorcycle that does not exist returns false()" classname="controllers.MotorcycleAPITest$UpdateMotorcycles" time="0.001"/>
  <system-out><![CDATA[]]></system-out>
  <system-err><![CDATA[]]></system-err>
</testsuite>
