<?xml version="1.0" encoding="UTF-8"?>
<testsuite name="controllers.MotorcycleAPITest$AddNotes" tests="2" skipped="0" failures="0" errors="0" timestamp="2022-04-28T22:19:46" hostname="ZACH-LAPTOP" time="0.002">
  <properties/>
  <testcase name="adding a Motorcycle to an empty list adds to ArrayList()" classname="controllers.MotorcycleAPITest$AddNotes" time="0.001"/>
  <testcase name="adding a Motorcycle to a populated list adds to ArrayList()" classname="controllers.MotorcycleAPITest$AddNotes" time="0.0"/>
  <system-out><![CDATA[]]></system-out>
  <system-err><![CDATA[]]></system-err>
</testsuite>
