<?xml version="1.0" encoding="UTF-8"?>
<testsuite name="controllers.MotorcycleAPITest$ListNotes" tests="2" skipped="0" failures="0" errors="0" timestamp="2022-04-28T22:19:46" hostname="ZACH-LAPTOP" time="0.003">
  <properties/>
  <testcase name="listAllMotorcycles returns Motorcycles when ArrayList has Motorcycles stored()" classname="controllers.MotorcycleAPITest$ListNotes" time="0.001"/>
  <testcase name="listAllMotorcycles returns No Motorcycles Stored message when ArrayList is empty()" classname="controllers.MotorcycleAPITest$ListNotes" time="0.001"/>
  <system-out><![CDATA[]]></system-out>
  <system-err><![CDATA[]]></system-err>
</testsuite>
