<?xml version="1.0" encoding="UTF-8"?>
<testsuite name="controllers.MotorcycleAPITest$PersistenceTests" tests="2" skipped="0" failures="0" errors="0" timestamp="2022-04-29T13:11:48" hostname="ZACH-LAPTOP" time="0.073">
  <properties/>
  <testcase name="saving and loading an empty collection in XML doesn't crash app()" classname="controllers.MotorcycleAPITest$PersistenceTests" time="0.061"/>
  <testcase name="saving and loading an loaded collection in XML doesn't loose data()" classname="controllers.MotorcycleAPITest$PersistenceTests" time="0.011"/>
  <system-out><![CDATA[]]></system-out>
  <system-err><![CDATA[]]></system-err>
</testsuite>
